g:\bthread\build\bthread.dir\release\platform_windows.obj
g:\bthread\build\bthread.dir\release\platform.obj
g:\bthread\build\bthread.dir\release\execution_queue.obj
g:\bthread\build\bthread.dir\release\timer_thread.obj
g:\bthread\build\bthread.dir\release\once.obj
g:\bthread\build\bthread.dir\release\cond.obj
g:\bthread\build\bthread.dir\release\mutex.obj
g:\bthread\build\bthread.dir\release\butex.obj
g:\bthread\build\bthread.dir\release\scheduler.obj
g:\bthread\build\bthread.dir\release\worker.obj
g:\bthread\build\bthread.dir\release\global_queue.obj
g:\bthread\build\bthread.dir\release\work_stealing_queue.obj
g:\bthread\build\bthread.dir\release\task_group.obj
g:\bthread\build\bthread.dir\release\task_meta.obj
g:\bthread\build\bthread.dir\release\bthread.obj
g:\bthread\build\cmakefiles\generate.stamp
g:\bthread\build\release\bthread.lib
g:\bthread\build\bthread.dir\release\context_windows_x64.obj
g:\bthread\build\bthread.dir\release\bthread.tlog\cl.command.1.tlog
g:\bthread\build\bthread.dir\release\bthread.tlog\cl.read.1.tlog
g:\bthread\build\bthread.dir\release\bthread.tlog\cl.write.1.tlog
g:\bthread\build\bthread.dir\release\bthread.tlog\custombuild.command.1.tlog
g:\bthread\build\bthread.dir\release\bthread.tlog\custombuild.read.1.tlog
g:\bthread\build\bthread.dir\release\bthread.tlog\custombuild.write.1.tlog
g:\bthread\build\bthread.dir\release\bthread.tlog\lib-link.read.1.tlog
g:\bthread\build\bthread.dir\release\bthread.tlog\lib-link.write.1.tlog
g:\bthread\build\bthread.dir\release\bthread.tlog\lib.command.1.tlog
g:\bthread\build\bthread.dir\release\bthread.tlog\masm.read.1u.tlog
g:\bthread\build\bthread.dir\release\bthread.tlog\masm.write.1u.tlog
