The system is: Windows - 10.0.22631 - AMD64
Compiling the CXX compiler identification source file "CMakeCXXCompilerId.cpp" succeeded.
Compiler:  
Build flags: 
Id flags:  

The output was:
0
MSBuild version 17.4.0+18d5aef85 for .NET Framework
生成启动时间为 2026/3/29 16:49:09。
节点 1 上的项目“G:\bthread\build\CMakeFiles\3.24.202208181-MSVC_2\CompilerIdCXX\CompilerIdCXX.vcxproj”(默认目标)。
PrepareForBuild:
  正在创建目录“Debug\”。
  正在创建目录“Debug\CompilerIdCXX.tlog\”。
InitializeBuildStatus:
  正在创建“Debug\CompilerIdCXX.tlog\unsuccessfulbuild”，因为已指定“AlwaysCreate”。
ClCompile:
  C:\Program Files\Microsoft Visual Studio\2022\Community\VC\Tools\MSVC\14.34.31933\bin\HostX64\x64\CL.exe /c /nologo /W0 /WX- /diagnostics:column /Od /D _MBCS /Gm- /EHsc /RTC1 /MDd /GS /fp:precise /Zc:wchar_t /Zc:forScope /Zc:inline /Fo"Debug\\" /Fd"Debug\vc143.pdb" /external:W0 /Gd /TP /FC /errorReport:queue CMakeCXXCompilerId.cpp
  CMakeCXXCompilerId.cpp
Link:
  C:\Program Files\Microsoft Visual Studio\2022\Community\VC\Tools\MSVC\14.34.31933\bin\HostX64\x64\link.exe /ERRORREPORT:QUEUE /OUT:".\CompilerIdCXX.exe" /INCREMENTAL:NO /NOLOGO kernel32.lib user32.lib gdi32.lib winspool.lib comdlg32.lib advapi32.lib shell32.lib ole32.lib oleaut32.lib uuid.lib odbc32.lib odbccp32.lib /MANIFEST /MANIFESTUAC:"level='asInvoker' uiAccess='false'" /manifest:embed /PDB:".\CompilerIdCXX.pdb" /SUBSYSTEM:CONSOLE /TLBID:1 /DYNAMICBASE /NXCOMPAT /IMPLIB:".\CompilerIdCXX.lib" /MACHINE:X64 Debug\CMakeCXXCompilerId.obj
  CompilerIdCXX.vcxproj -> G:\bthread\build\CMakeFiles\3.24.202208181-MSVC_2\CompilerIdCXX\CompilerIdCXX.exe
PostBuildEvent:
  for %%i in (cl.exe) do @echo CMAKE_CXX_COMPILER=%%~$PATH:i
  :VCEnd
  CMAKE_CXX_COMPILER=C:\Program Files\Microsoft Visual Studio\2022\Community\VC\Tools\MSVC\14.34.31933\bin\Hostx64\x64\cl.exe
FinalizeBuildStatus:
  正在删除文件“Debug\CompilerIdCXX.tlog\unsuccessfulbuild”。
  正在对“Debug\CompilerIdCXX.tlog\CompilerIdCXX.lastbuildstate”执行 Touch 任务。
已完成生成项目“G:\bthread\build\CMakeFiles\3.24.202208181-MSVC_2\CompilerIdCXX\CompilerIdCXX.vcxproj”(默认目标)的操作。

已成功生成。
    0 个警告
    0 个错误

已用时间 00:00:01.27


Compilation of the CXX compiler identification source "CMakeCXXCompilerId.cpp" produced "CompilerIdCXX.exe"

Compilation of the CXX compiler identification source "CMakeCXXCompilerId.cpp" produced "CompilerIdCXX.vcxproj"

The CXX compiler identification is MSVC, found in "G:/bthread/build/CMakeFiles/3.24.202208181-MSVC_2/CompilerIdCXX/CompilerIdCXX.exe"

Detecting CXX compiler ABI info compiled with the following output:
Change Dir: G:/bthread/build/CMakeFiles/CMakeTmp

Run Build Command(s):C:/Program Files/Microsoft Visual Studio/2022/Community/MSBuild/Current/Bin/amd64/MSBuild.exe cmTC_5caf8.vcxproj /p:Configuration=Debug /p:Platform=x64 /p:VisualStudioVersion=17.0 /v:m && MSBuild version 17.4.0+18d5aef85 for .NET Framework
  用于 x64 的 Microsoft (R) C/C++ 优化编译器 19.34.31933 版
  CMakeCXXCompilerABI.cpp
  版权所有(C) Microsoft Corporation。保留所有权利。
  cl /c /Zi /W1 /WX- /diagnostics:column /Od /Ob0 /D _MBCS /D WIN32 /D _WINDOWS /D "CMAKE_INTDIR=\"Debug\"" /Gm- /EHsc /RTC1 /MDd /GS /fp:precise /Zc:wchar_t /Zc:forScope /Zc:inline /GR /Fo"cmTC_5caf8.dir\Debug\\" /Fd"cmTC_5caf8.dir\Debug\vc143.pdb" /external:W1 /Gd /TP /errorReport:queue "C:\Program Files\Microsoft Visual Studio\2022\Community\Common7\IDE\CommonExtensions\Microsoft\CMake\CMake\share\cmake-3.24\Modules\CMakeCXXCompilerABI.cpp"
  cmTC_5caf8.vcxproj -> G:\bthread\build\CMakeFiles\CMakeTmp\Debug\cmTC_5caf8.exe



Checking whether the ASM_MASM compiler is MSVC using "-?" matched "Microsoft":
Microsoft (R) Macro Assembler (x64) Version 14.34.31933.0
Copyright (C) Microsoft Corporation.  All rights reserved.

        ML64 [ /options ] filelist [ /link linkoptions ]

/Bl<linker> Use alternate linker          /Sf Generate first pass listing
/c Assemble without linking               /Sl<width> Set line width
/Cp Preserve case of user identifiers     /Sn Suppress symbol-table listing
/Cx Preserve case in publics, externs     /Sp<length> Set page length
/D<name>[=text] Define text macro         /Ss<string> Set subtitle
/EP Output preprocessed listing to stdout /St<string> Set title
/F <hex> Set stack size (bytes)           /Sx List false conditionals
/Fe<file> Name executable                 /Ta<file> Assemble non-.ASM file
/Fl[file] Generate listing                /w Same as /W0 /WX
/Fm[file] Generate map                    /WX Treat warnings as errors
/Fo<file> Name object file                /W<number> Set warning level
/Fr[file] Generate limited browser info   /X Ignore INCLUDE environment path
/FR[file] Generate full browser info      /Zd Add line number debug info
/I<name> Add include path                 /Zf Make all symbols public
/link <linker options and libraries>      /Zi Add symbolic debug info
/nologo Suppress copyright message        /Zp[n] Set structure alignment
/Sa Maximize source listing               /Zs Perform syntax check only
/ZH:MD5 Use MD5 for checksum in debug info
/ZH:SHA_256 Use SHA256 for checksum in debug info (default)
/Gy[-] separate functions for linker
/errorReport:<option> Deprecated. Report internal assembler errors to Microsoft
    none - do not send report
    prompt - prompt to immediately send report
    queue - at next admin logon, prompt to send report
    send - send report automatically
